2026-01-21 17:50:14 - INFO - URL Opener 启动
2026-01-21 17:50:14 - INFO - 程序启动
2026-01-21 17:50:22 - INFO - 文件加载成功: 1.21.txt, 有效链接: 10, 无效行: 0
2026-01-21 17:50:32 - INFO - 操作完成: 成功 10, 失败 0, 耗时 10.01秒
2026-01-21 17:50:53 - INFO - 用户退出程序
2026-01-22 17:26:37 - INFO - URL Opener 启动
2026-01-22 17:26:37 - INFO - 程序启动
2026-01-22 17:26:42 - INFO - 文件加载成功: 1.21.txt, 有效链接: 6, 无效行: 0
2026-01-22 17:26:48 - INFO - 操作完成: 成功 6, 失败 0, 耗时 6.01秒
2026-01-23 17:59:42 - INFO - URL Opener 启动
2026-01-23 17:59:42 - INFO - 程序启动
2026-01-23 17:59:46 - INFO - 文件加载成功: 1.21.txt, 有效链接: 6, 无效行: 0
2026-01-23 17:59:52 - INFO - 操作完成: 成功 6, 失败 0, 耗时 6.01秒
2026-01-23 18:00:29 - INFO - 用户退出程序
2026-01-28 11:19:47 - INFO - URL Opener 启动
2026-01-28 11:19:47 - INFO - 程序启动
2026-01-28 11:19:53 - INFO - 文件加载成功: 1.21.txt, 有效链接: 9, 无效行: 0
2026-01-28 11:20:02 - INFO - 操作完成: 成功 9, 失败 0, 耗时 9.02秒
2026-01-28 11:39:02 - INFO - 用户退出程序
2026-01-28 11:39:11 - INFO - URL Opener 启动
2026-01-28 11:39:11 - INFO - 程序启动
2026-01-28 11:39:14 - INFO - 文件加载成功: 1.21.txt, 有效链接: 9, 无效行: 0
2026-01-28 11:39:23 - INFO - 操作完成: 成功 9, 失败 0, 耗时 9.01秒
2026-01-29 18:15:01 - INFO - URL Opener 启动
2026-01-29 18:15:01 - INFO - 程序启动
2026-01-29 18:15:06 - INFO - 文件加载成功: 1.21.txt, 有效链接: 5, 无效行: 0
2026-01-29 18:15:11 - INFO - 操作完成: 成功 5, 失败 0, 耗时 5.01秒
2026-02-04 15:59:12 - INFO - URL Opener 启动
2026-02-04 15:59:12 - INFO - 程序启动
2026-02-04 15:59:15 - INFO - 文件加载成功: 1.21.txt, 有效链接: 8, 无效行: 0
2026-02-04 15:59:23 - INFO - 操作完成: 成功 8, 失败 0, 耗时 8.01秒
2026-02-04 15:59:34 - INFO - 用户退出程序
2026-02-05 15:37:15 - INFO - URL Opener 启动
2026-02-05 15:37:15 - INFO - 程序启动
2026-02-05 15:37:20 - INFO - 文件加载成功: 1.21.txt, 有效链接: 5, 无效行: 0
2026-02-05 15:37:25 - INFO - 操作完成: 成功 5, 失败 0, 耗时 5.01秒
2026-02-05 15:37:29 - INFO - 用户退出程序
2026-02-05 16:58:11 - INFO - URL Opener 启动
2026-02-05 16:58:11 - INFO - 程序启动
2026-02-05 16:58:37 - INFO - URL Opener 启动
2026-02-05 16:58:37 - INFO - 程序启动
2026-02-05 16:58:49 - INFO - 文件加载成功: 1.21.txt, 有效链接: 8, 无效行: 0
2026-02-05 16:58:57 - INFO - 操作完成: 成功 8, 失败 0, 耗时 8.02秒
2026-02-06 18:27:39 - INFO - URL Opener 启动
2026-02-06 18:27:39 - INFO - 程序启动
2026-02-06 18:27:44 - INFO - 文件加载成功: 1.21.txt, 有效链接: 4, 无效行: 0
2026-02-06 18:27:48 - INFO - 操作完成: 成功 4, 失败 0, 耗时 4.01秒
2026-02-11 11:49:04 - INFO - URL Opener 启动
2026-02-11 11:49:04 - INFO - 程序启动
2026-02-11 11:49:12 - INFO - 文件加载成功: 1.21.txt, 有效链接: 11, 无效行: 1
2026-02-11 11:49:23 - INFO - 操作完成: 成功 11, 失败 0, 耗时 11.02秒
2026-02-12 10:37:01 - INFO - URL Opener 启动
2026-02-12 10:37:01 - INFO - 程序启动
2026-02-12 10:39:26 - INFO - 文件加载成功: 1.21.txt, 有效链接: 8, 无效行: 0
2026-02-12 10:39:34 - INFO - 操作完成: 成功 8, 失败 0, 耗时 8.01秒
2026-02-12 10:40:01 - INFO - 文件加载成功: 1.21.txt, 有效链接: 8, 无效行: 0
2026-02-12 10:40:09 - INFO - 操作完成: 成功 8, 失败 0, 耗时 8.01秒
2026-02-12 10:43:37 - INFO - 文件加载成功: 1.21.txt, 有效链接: 8, 无效行: 0
2026-02-12 10:43:45 - INFO - 操作完成: 成功 8, 失败 0, 耗时 8.01秒
2026-02-12 11:07:38 - INFO - 用户退出程序
2026-02-12 15:45:13 - INFO - URL Opener 启动
2026-02-12 15:45:13 - INFO - 程序启动
2026-02-12 15:45:18 - INFO - 文件加载成功: 1.21.txt, 有效链接: 6, 无效行: 0
2026-02-12 15:45:24 - INFO - 操作完成: 成功 6, 失败 0, 耗时 6.01秒
2026-02-12 16:21:41 - INFO - 文件加载成功: 1.21.txt, 有效链接: 8, 无效行: 0
2026-02-12 16:21:49 - INFO - 操作完成: 成功 8, 失败 0, 耗时 8.01秒
2026-02-13 10:09:04 - INFO - URL Opener 启动
2026-02-13 10:09:04 - INFO - 程序启动
2026-02-13 10:09:13 - INFO - 文件加载成功: 1.21.txt, 有效链接: 5, 无效行: 0
2026-02-13 10:09:18 - INFO - 操作完成: 成功 5, 失败 0, 耗时 5.01秒
2026-02-13 10:24:12 - INFO - 文件加载成功: 1.21.txt, 有效链接: 5, 无效行: 0
2026-02-13 10:24:17 - INFO - 操作完成: 成功 5, 失败 0, 耗时 5.01秒
2026-02-26 17:30:04 - INFO - URL Opener 启动
2026-02-26 17:30:04 - INFO - 程序启动
2026-02-26 17:30:07 - ERROR - 文件未找到: 文件不存在: https://project.feishu.cn/ml/onlineissue/detail/6761015001 https://project.feishu.cn/ml/onlineissue/detail/6799694758 https://project.feishu.cn/ml/onlineissue/detail/6801764336 https://project.feishu.cn/ml/onlineissue/detail/6802851963 https://project.feishu.cn/ml/onlineissue/detail/6802697373 https://project.feishu.cn/ml/onlineissue/detail/6832389101 https://project.feishu.cn/ml/onlineissue/detail/6803235102 https://project.feishu.cn/ml/onlineissue/detail/6808775287
2026-02-26 17:30:14 - INFO - 用户退出程序
2026-02-28 18:52:55 - INFO - URL Opener 启动
2026-02-28 18:52:55 - INFO - 程序启动
2026-02-28 18:52:58 - ERROR - 文件未找到: 文件不存在: https://project.feishu.cn/ml/onlineissue/detail/6814837020 https://project.feishu.cn/ml/onlineissue/detail/6801878534 https://project.feishu.cn/ml/onlineissue/detail/6780526248
